15:42:04.682 INFO   [UserRepository.getUserList] invoked dummyApi.getUserList 
15:42:04.682 INFO   [UserRepository.getUserListy] result="{\"data\":[{\"id\":123,\"firstName\":\"Vasya\",\"lastName\":\"Pupkin\"},{\"id\":456,\"firstName\":\"Harley\",\"lastName\":\"Davidson\"}]}" 
16:01:06.182 INFO   [UserRepository.getUserList] invoked dummyApi.getUserList 
16:01:06.183 INFO   [UserRepository.getUserListy] result={"data":[{"id":123,"firstName":"Vasya","lastName":"Pupkin"},{"id":456,"firstName":"Harley","lastName":"Davidson"}]} 
16:11:30.720 INFO   [UserRepository.getUserList] invoked dummyApi.getUserList 
16:11:30.721 INFO   [UserRepository.getUserListy] result={"data":[{"id":123,"firstName":"Vasya","lastName":"Pupkin"},{"id":456,"firstName":"Harley","lastName":"Davidson"}]} 
16:11:30.731 INFO   [UserRepository.getUserList] invoked dummyApi.getUserList 
16:11:30.731 INFO   [UserRepository.getUserListy] result={"error":"Api error"} 
16:12:03.422 INFO   [UserRepository.getUserList] invoked dummyApi.getUserList 
16:12:03.423 INFO   [UserRepository.getUserListy] result={"data":[{"id":123,"firstName":"Vasya","lastName":"Pupkin"},{"id":456,"firstName":"Harley","lastName":"Davidson"}]} 
16:12:03.435 INFO   [UserRepository.getUserList] invoked dummyApi.getUserList 
16:12:03.435 INFO   [UserRepository.getUserListy] result={"error":"Api error"} 
16:16:23.090 INFO   [UserRepository.getUserList] invoked dummyApi.getUserList 
16:16:23.091 INFO   [UserRepository.getUserListy] result={"data":[{"id":123,"firstName":"Vasya","lastName":"Pupkin"},{"id":456,"firstName":"Harley","lastName":"Davidson"}]} 
16:16:23.101 INFO   [UserRepository.getUserList] invoked dummyApi.getUserList 
16:16:23.101 ERROR  [UserRepository.getUserList] error=[object Object] 
16:18:08.637 INFO   [UserRepository.getUserList] invoked dummyApi.getUserList 
16:18:08.638 INFO   [UserRepository.getUserListy] result={"data":[{"id":123,"firstName":"Vasya","lastName":"Pupkin"},{"id":456,"firstName":"Harley","lastName":"Davidson"}]} 
16:18:08.648 INFO   [UserRepository.getUserList] invoked dummyApi.getUserList 
16:18:08.648 ERROR  [UserRepository.getUserList] error=Api error 
16:32:29.003 INFO   [UserRepository.getUserList] invoked dummyApi.getUserList 
16:32:29.004 INFO   [UserRepository.getUserListy] result={"data":[{"id":123,"firstName":"Vasya","lastName":"Pupkin"},{"id":456,"firstName":"Harley","lastName":"Davidson"}]} 
16:32:29.014 INFO   [UserRepository.getUserList] invoked dummyApi.getUserList 
16:32:29.015 INFO   [UserRepository.getUserListy] result="Api error" 
16:33:38.703 INFO   [UserRepository.getUserList] invoked dummyApi.getUserList 
16:33:38.703 INFO   [UserRepository.getUserListy] result={"data":[{"id":123,"firstName":"Vasya","lastName":"Pupkin"},{"id":456,"firstName":"Harley","lastName":"Davidson"}]} 
16:33:38.714 INFO   [UserRepository.getUserList] invoked dummyApi.getUserList 
16:33:38.714 INFO   [UserRepository.getUserListy] result="Api error" 
16:36:35.021 INFO   [UserRepository.getUserList] invoked dummyApi.getUserList 
16:36:35.022 INFO   [UserRepository.getUserListy] result={"data":[{"id":123,"firstName":"Vasya","lastName":"Pupkin"},{"id":456,"firstName":"Harley","lastName":"Davidson"}]} 
16:37:56.138 INFO   [UserRepository.getUserList] invoked dummyApi.getUserList 
16:37:56.139 INFO   [UserRepository.getUserListy] result={"data":[{"id":123,"firstName":"Vasya","lastName":"Pupkin"},{"id":456,"firstName":"Harley","lastName":"Davidson"}]} 
16:37:56.149 INFO   [UserRepository.getUserList] invoked dummyApi.getUserList 
16:37:56.149 ERROR  [UserRepository.getUserList] error=[object Object] 
16:40:42.390 INFO   [UserRepository.getUserList] invoked dummyApi.getUserList 
16:40:42.390 INFO   [UserRepository.getUserListy] result={"data":[{"id":123,"firstName":"Vasya","lastName":"Pupkin"},{"id":456,"firstName":"Harley","lastName":"Davidson"}]} 
16:40:42.401 INFO   [UserRepository.getUserList] invoked dummyApi.getUserList 
16:40:42.401 ERROR  [UserRepository.getUserList] error=Api error 
16:43:35.300 INFO   [UserRepository.getUserList] invoked dummyApi.getUserList 
16:43:35.301 INFO   [UserRepository.getUserListy] result={"data":[{"id":123,"firstName":"Vasya","lastName":"Pupkin"},{"id":456,"firstName":"Harley","lastName":"Davidson"}]} 
16:43:35.313 INFO   [UserRepository.getUserList] invoked dummyApi.getUserList 
16:43:35.313 ERROR  [UserRepository.getUserList] error=Api error 
16:44:04.894 INFO   [UserRepository.getUserList] invoked dummyApi.getUserList 
16:44:04.895 INFO   [UserRepository.getUserListy] result={"data":[{"id":123,"firstName":"Vasya","lastName":"Pupkin"},{"id":456,"firstName":"Harley","lastName":"Davidson"}]} 
16:44:04.905 INFO   [UserRepository.getUserList] invoked dummyApi.getUserList 
16:44:04.905 ERROR  [UserRepository.getUserList] error=Api error 
16:44:55.368 INFO   [UserRepository.getUserList] invoked dummyApi.getUserList 
16:44:55.368 INFO   [UserRepository.getUserListy] result={"data":[{"id":123,"firstName":"Vasya","lastName":"Pupkin"},{"id":456,"firstName":"Harley","lastName":"Davidson"}]} 
16:44:55.379 INFO   [UserRepository.getUserList] invoked dummyApi.getUserList 
16:44:55.379 ERROR  [UserRepository.getUserList] error=Api error 
16:50:56.908 INFO   [UserRepository.getUserList] invoked dummyApi.getUserList 
16:50:56.908 INFO   [UserRepository.getUserListy] result={"data":[{"id":123,"firstName":"Vasya","lastName":"Pupkin"},{"id":456,"firstName":"Harley","lastName":"Davidson"}]} 
16:50:56.926 INFO   [UserRepository.getUserList] invoked dummyApi.getUserList 
16:50:56.926 ERROR  [UserRepository.getUserList] error=Api error 
16:50:56.927 INFO   [UserRepository.getUser] invoked dummyApi.getUser 
16:50:56.927 INFO   [UserRepository.getUser] reply={"id":123,"firstName":"Vasya","lastName":"Pupkin","dateOfBirth":"1979-11-25T21:56:06.020Z"} 
16:50:56.930 INFO   [UserRepository.getUser] result={"id":123,"firstName":"Vasya","lastName":"Pupkin","dateOfBirth":"26.11.1979","registerDate":"18.12.2021","updatedDate":"18.12.2021"} 
16:51:01.939 INFO   [UserRepository.getUser] invoked dummyApi.getUser 
16:51:01.940 ERROR  [UserRepository.getUser] error=Api error 
16:53:11.005 INFO   [UserRepository.getUserList] invoked dummyApi.getUserList 
16:53:11.006 INFO   [UserRepository.getUserListy] result={"data":[{"id":123,"firstName":"Vasya","lastName":"Pupkin"},{"id":456,"firstName":"Harley","lastName":"Davidson"}]} 
16:53:11.016 INFO   [UserRepository.getUserList] invoked dummyApi.getUserList 
16:53:11.017 ERROR  [UserRepository.getUserList] error=Api error 
16:53:11.017 INFO   [UserRepository.getUser] invoked dummyApi.getUser 
16:53:11.017 INFO   [UserRepository.getUser] reply={"id":123,"firstName":"Vasya","lastName":"Pupkin","dateOfBirth":"1979-11-25T21:56:06.020Z"} 
16:53:11.021 INFO   [UserRepository.getUser] result={"id":123,"firstName":"Vasya","lastName":"Pupkin","dateOfBirth":"26.11.1979","registerDate":"18.12.2021","updatedDate":"18.12.2021"} 
16:53:16.030 INFO   [UserRepository.getUser] invoked dummyApi.getUser 
16:53:16.030 ERROR  [UserRepository.getUser] error=Api error 
16:55:02.465 INFO   [UserRepository.getUserList] invoked dummyApi.getUserList 
16:55:02.466 INFO   [UserRepository.getUserListy] result={"data":[{"id":123,"firstName":"Vasya","lastName":"Pupkin"},{"id":456,"firstName":"Harley","lastName":"Davidson"}]} 
16:55:02.477 INFO   [UserRepository.getUserList] invoked dummyApi.getUserList 
16:55:02.477 ERROR  [UserRepository.getUserList] error=Api error 
16:55:02.478 INFO   [UserRepository.getUser] invoked dummyApi.getUser 
16:55:02.478 INFO   [UserRepository.getUser] reply={"id":123,"firstName":"Vasya","lastName":"Pupkin","dateOfBirth":"1979-11-25T21:56:06.020Z","registerDate":"1979-11-25T21:56:06.020Z","updatedDate":"1979-11-25T21:56:06.020Z"} 
16:55:02.481 INFO   [UserRepository.getUser] result={"id":123,"firstName":"Vasya","lastName":"Pupkin","dateOfBirth":"26.11.1979","registerDate":"26.11.1979","updatedDate":"26.11.1979"} 
16:55:02.482 INFO   [UserRepository.getUser] invoked dummyApi.getUser 
16:55:02.482 ERROR  [UserRepository.getUser] error=Api error 
17:15:09.796 INFO   [UserRepository.getUserList] invoked dummyApi.getUserList 
17:15:09.797 INFO   [UserRepository.getUserListy] result={"data":[{"id":123,"firstName":"Vasya","lastName":"Pupkin"},{"id":456,"firstName":"Harley","lastName":"Davidson"}]} 
17:15:09.808 INFO   [UserRepository.getUserList] invoked dummyApi.getUserList 
17:15:09.809 ERROR  [UserRepository.getUserList] error=Api error 
17:15:09.810 INFO   [UserRepository.getUser] invoked dummyApi.getUser 
17:15:09.810 INFO   [UserRepository.getUser] reply={"id":123,"firstName":"Vasya","lastName":"Pupkin","dateOfBirth":"1979-11-25T21:56:06.020Z","registerDate":"1979-11-25T21:56:06.020Z","updatedDate":"1979-11-25T21:56:06.020Z"} 
17:15:09.814 INFO   [UserRepository.getUser] result={"id":123,"firstName":"Vasya","lastName":"Pupkin","dateOfBirth":"26.11.1979","registerDate":"26.11.1979","updatedDate":"26.11.1979"} 
17:15:09.815 INFO   [UserRepository.getUser] invoked dummyApi.getUser 
17:15:09.815 ERROR  [UserRepository.getUser] error=Api error 
17:15:10.035 INFO   [PostRepository.getPostList] invoked dummyApi.getPostList 
17:15:10.036 INFO   [PostRepository.getPostList] reply={"data":[{"id":123,"text":"blah-blah-blah","publishDate":"2020-11-25T21:56:06.020Z","owner":{"name":"Vasya"}},{"id":456,"text":"blah-blah-blah","publishDate":"2020-05-24T14:53:17.598Z","owner":{"name":"Arnold"}}]} 
17:15:10.039 INFO   [PostRepository.getPostList] result={"data":[{"id":123,"text":"blah-blah-blah","publishDate":"26.11.2020","owner":{"name":"Vasya"}},{"id":456,"text":"blah-blah-blah","publishDate":"24.05.2020","owner":{"name":"Arnold"}}]} 
17:15:15.052 INFO   [PostRepository.getPostList] invoked dummyApi.getPostList 
17:15:15.053 ERROR  [PostRepository.getPostList] error=Api error 
17:15:52.415 INFO   [UserRepository.getUserList] invoked dummyApi.getUserList 
17:15:52.416 INFO   [UserRepository.getUserListy] result={"data":[{"id":123,"firstName":"Vasya","lastName":"Pupkin"},{"id":456,"firstName":"Harley","lastName":"Davidson"}]} 
17:15:52.436 INFO   [UserRepository.getUserList] invoked dummyApi.getUserList 
17:15:52.436 ERROR  [UserRepository.getUserList] error=Api error 
17:15:52.437 INFO   [UserRepository.getUser] invoked dummyApi.getUser 
17:15:52.437 INFO   [UserRepository.getUser] reply={"id":123,"firstName":"Vasya","lastName":"Pupkin","dateOfBirth":"1979-11-25T21:56:06.020Z","registerDate":"1979-11-25T21:56:06.020Z","updatedDate":"1979-11-25T21:56:06.020Z"} 
17:15:52.442 INFO   [UserRepository.getUser] result={"id":123,"firstName":"Vasya","lastName":"Pupkin","dateOfBirth":"26.11.1979","registerDate":"26.11.1979","updatedDate":"26.11.1979"} 
17:15:52.443 INFO   [UserRepository.getUser] invoked dummyApi.getUser 
17:15:52.443 ERROR  [UserRepository.getUser] error=Api error 
17:15:52.640 INFO   [PostRepository.getPostList] invoked dummyApi.getPostList 
17:15:52.641 INFO   [PostRepository.getPostList] reply={"data":[{"id":123,"text":"blah-blah-blah","publishDate":"2020-11-25T21:56:06.020Z","owner":{"name":"Vasya"}},{"id":456,"text":"blah-blah-blah","publishDate":"2020-05-24T14:53:17.598Z","owner":{"name":"Arnold"}}]} 
17:15:52.645 INFO   [PostRepository.getPostList] result={"data":[{"id":123,"text":"blah-blah-blah","publishDate":"26.11.2020","owner":{"name":"Vasya"}},{"id":456,"text":"blah-blah-blah","publishDate":"24.05.2020","owner":{"name":"Arnold"}}]} 
17:15:52.656 INFO   [PostRepository.getPostList] invoked dummyApi.getPostList 
17:15:52.657 ERROR  [PostRepository.getPostList] error=Api error 
17:19:36.126 INFO   [UserRepository.getUserList] invoked dummyApi.getUserList 
17:19:36.127 INFO   [UserRepository.getUserListy] result={"data":[{"id":123,"firstName":"Vasya","lastName":"Pupkin"},{"id":456,"firstName":"Harley","lastName":"Davidson"}]} 
17:19:36.141 INFO   [UserRepository.getUserList] invoked dummyApi.getUserList 
17:19:36.141 ERROR  [UserRepository.getUserList] error=Api error 
17:19:36.142 INFO   [UserRepository.getUser] invoked dummyApi.getUser 
17:19:36.142 INFO   [UserRepository.getUser] reply={"id":123,"firstName":"Vasya","lastName":"Pupkin","dateOfBirth":"1979-11-25T21:56:06.020Z","registerDate":"1979-11-25T21:56:06.020Z","updatedDate":"1979-11-25T21:56:06.020Z"} 
17:19:36.147 INFO   [UserRepository.getUser] result={"id":123,"firstName":"Vasya","lastName":"Pupkin","dateOfBirth":"26.11.1979","registerDate":"26.11.1979","updatedDate":"26.11.1979"} 
17:19:36.148 INFO   [UserRepository.getUser] invoked dummyApi.getUser 
17:19:36.148 ERROR  [UserRepository.getUser] error=Api error 
17:19:36.259 INFO   [PostRepository.getPostList] invoked dummyApi.getPostList 
17:19:36.260 INFO   [PostRepository.getPostList] reply={"data":[{"id":123,"text":"blah-blah-blah","publishDate":"2020-11-25T21:56:06.020Z","owner":{"name":"Vasya"}},{"id":456,"text":"blah-blah-blah","publishDate":"2020-05-24T14:53:17.598Z","owner":{"name":"Arnold"}}]} 
17:19:36.263 INFO   [PostRepository.getPostList] result={"data":[{"id":123,"text":"blah-blah-blah","publishDate":"26.11.2020","owner":{"name":"Vasya"}},{"id":456,"text":"blah-blah-blah","publishDate":"24.05.2020","owner":{"name":"Arnold"}}]} 
17:19:36.274 INFO   [PostRepository.getPostList] invoked dummyApi.getPostList 
17:19:36.274 ERROR  [PostRepository.getPostList] error=Api error 
17:19:36.275 INFO   [PostRepository.getPostListByUser] invoked dummyApi.getPostListByUser 
17:19:36.275 INFO   [PostRepository.getPostListByUser] reply={"data":[{"id":123,"text":"blah-blah-blah","publishDate":"2020-11-25T21:56:06.020Z","owner":{"name":"Vasya"}},{"id":456,"text":"blah-blah-blah","publishDate":"2020-05-24T14:53:17.598Z","owner":{"name":"Arnold"}}]} 
17:19:36.276 INFO   [PostRepository.getPostListByUser] result={"data":[{"id":123,"text":"blah-blah-blah","publishDate":"26.11.2020","owner":{"name":"Vasya"}},{"id":456,"text":"blah-blah-blah","publishDate":"24.05.2020","owner":{"name":"Arnold"}}]} 
17:19:36.277 INFO   [PostRepository.getPostListByUser] invoked dummyApi.getPostListByUser 
17:19:36.278 ERROR  [PostRepository.getPostListByUser] error=Api error 
17:24:16.982 INFO   [PostRepository.getPostList] invoked dummyApi.getPostList 
17:24:16.983 INFO   [PostRepository.getPostList] reply={"data":[{"id":123,"text":"blah-blah-blah","publishDate":"2020-11-25T21:56:06.020Z","owner":{"name":"Vasya"}},{"id":456,"text":"blah-blah-blah","publishDate":"2020-05-24T14:53:17.598Z","owner":{"name":"Arnold"}}]} 
17:24:16.987 INFO   [PostRepository.getPostList] result={"data":[{"id":123,"text":"blah-blah-blah","publishDate":"26.11.2020","owner":{"name":"Vasya"}},{"id":456,"text":"blah-blah-blah","publishDate":"24.05.2020","owner":{"name":"Arnold"}}]} 
17:24:17.001 INFO   [PostRepository.getPostList] invoked dummyApi.getPostList 
17:24:17.002 ERROR  [PostRepository.getPostList] error=Api error 
17:24:17.002 INFO   [PostRepository.getPostListByUser] invoked dummyApi.getPostListByUser 
17:24:17.003 INFO   [PostRepository.getPostListByUser] reply={"data":[{"id":123,"text":"blah-blah-blah","publishDate":"2020-11-25T21:56:06.020Z","owner":{"name":"Vasya"}},{"id":456,"text":"blah-blah-blah","publishDate":"2020-05-24T14:53:17.598Z","owner":{"name":"Arnold"}}]} 
17:24:17.003 INFO   [PostRepository.getPostListByUser] result={"data":[{"id":123,"text":"blah-blah-blah","publishDate":"26.11.2020","owner":{"name":"Vasya"}},{"id":456,"text":"blah-blah-blah","publishDate":"24.05.2020","owner":{"name":"Arnold"}}]} 
17:24:17.004 INFO   [PostRepository.getPostListByUser] invoked dummyApi.getPostListByUser 
17:24:17.005 ERROR  [PostRepository.getPostListByUser] error=Api error 
17:24:17.135 INFO   [UserRepository.getUserList] invoked dummyApi.getUserList 
17:24:17.136 INFO   [UserRepository.getUserListy] result={"data":[{"id":123,"firstName":"Vasya","lastName":"Pupkin"},{"id":456,"firstName":"Harley","lastName":"Davidson"}]} 
17:24:17.137 INFO   [UserRepository.getUserList] invoked dummyApi.getUserList 
17:24:17.137 ERROR  [UserRepository.getUserList] error=Api error 
17:24:17.138 INFO   [UserRepository.getUser] invoked dummyApi.getUser 
17:24:17.138 INFO   [UserRepository.getUser] reply={"id":123,"firstName":"Vasya","lastName":"Pupkin","dateOfBirth":"1979-11-25T21:56:06.020Z","registerDate":"1979-11-25T21:56:06.020Z","updatedDate":"1979-11-25T21:56:06.020Z"} 
17:24:17.142 INFO   [UserRepository.getUser] result={"id":123,"firstName":"Vasya","lastName":"Pupkin","dateOfBirth":"26.11.1979","registerDate":"26.11.1979","updatedDate":"26.11.1979"} 
17:24:17.147 INFO   [UserRepository.getUser] invoked dummyApi.getUser 
17:24:17.147 ERROR  [UserRepository.getUser] error=Api error 
17:29:39.382 INFO   [PostRepository.getPostList] invoked dummyApi.getPostList 
17:29:39.383 INFO   [PostRepository.getPostList] reply={"data":[{"id":123,"text":"blah-blah-blah","publishDate":"2020-11-25T21:56:06.020Z","owner":{"name":"Vasya"}},{"id":456,"text":"blah-blah-blah","publishDate":"2020-05-24T14:53:17.598Z","owner":{"name":"Arnold"}}]} 
17:29:39.387 INFO   [PostRepository.getPostList] result={"data":[{"id":123,"text":"blah-blah-blah","publishDate":"26.11.2020","owner":{"name":"Vasya"}},{"id":456,"text":"blah-blah-blah","publishDate":"24.05.2020","owner":{"name":"Arnold"}}]} 
17:29:39.404 INFO   [PostRepository.getPostList] invoked dummyApi.getPostList 
17:29:39.405 ERROR  [PostRepository.getPostList] error=Api error 
17:29:39.405 INFO   [PostRepository.getPostListByUser] invoked dummyApi.getPostListByUser 
17:29:39.406 INFO   [PostRepository.getPostListByUser] reply={"data":[{"id":123,"text":"blah-blah-blah","publishDate":"2020-11-25T21:56:06.020Z","owner":{"name":"Vasya"}},{"id":456,"text":"blah-blah-blah","publishDate":"2020-05-24T14:53:17.598Z","owner":{"name":"Arnold"}}]} 
17:29:39.406 INFO   [PostRepository.getPostListByUser] result={"data":[{"id":123,"text":"blah-blah-blah","publishDate":"26.11.2020","owner":{"name":"Vasya"}},{"id":456,"text":"blah-blah-blah","publishDate":"24.05.2020","owner":{"name":"Arnold"}}]} 
17:29:39.407 INFO   [PostRepository.getPostListByUser] invoked dummyApi.getPostListByUser 
17:29:39.408 ERROR  [PostRepository.getPostListByUser] error=Api error 
17:29:39.507 INFO   [CommentRepository.getComments] invoked dummyApi.getComments 
17:29:39.508 INFO   [CommentRepository.getComments] reply={"data":[{"id":123,"text":"blah-blah-blah","publishDate":"2020-11-25T21:56:06.020Z","owner":{"name":"Vasya"}},{"id":456,"text":"blah-blah-blah","publishDate":"2020-05-24T14:53:17.598Z","owner":{"name":"Arnold"}}]} 
17:29:39.511 INFO   [CommentRepository.getComments] result={"data":[{"id":123,"text":"blah-blah-blah","publishDate":"26.11.2020","owner":{"name":"Vasya"}},{"id":456,"text":"blah-blah-blah","publishDate":"24.05.2020","owner":{"name":"Arnold"}}]} 
17:29:39.524 INFO   [CommentRepository.getComments] invoked dummyApi.getComments 
17:29:39.525 ERROR  [CommentRepository.getComments] error=Api error 
17:29:39.565 INFO   [UserRepository.getUserList] invoked dummyApi.getUserList 
17:29:39.565 INFO   [UserRepository.getUserListy] result={"data":[{"id":123,"firstName":"Vasya","lastName":"Pupkin"},{"id":456,"firstName":"Harley","lastName":"Davidson"}]} 
17:29:39.567 INFO   [UserRepository.getUserList] invoked dummyApi.getUserList 
17:29:39.567 ERROR  [UserRepository.getUserList] error=Api error 
17:29:39.567 INFO   [UserRepository.getUser] invoked dummyApi.getUser 
17:29:39.567 INFO   [UserRepository.getUser] reply={"id":123,"firstName":"Vasya","lastName":"Pupkin","dateOfBirth":"1979-11-25T21:56:06.020Z","registerDate":"1979-11-25T21:56:06.020Z","updatedDate":"1979-11-25T21:56:06.020Z"} 
17:29:39.571 INFO   [UserRepository.getUser] result={"id":123,"firstName":"Vasya","lastName":"Pupkin","dateOfBirth":"26.11.1979","registerDate":"26.11.1979","updatedDate":"26.11.1979"} 
17:29:39.572 INFO   [UserRepository.getUser] invoked dummyApi.getUser 
17:29:39.573 ERROR  [UserRepository.getUser] error=Api error 
17:53:49.035 INFO   [CommentRepository.getComments] invoked dummyApi.getComments 
17:53:49.036 INFO   [CommentRepository.getComments] reply={"data":[{"id":123,"text":"blah-blah-blah","publishDate":"2020-11-25T21:56:06.020Z","owner":{"name":"Vasya"}},{"id":456,"text":"blah-blah-blah","publishDate":"2020-05-24T14:53:17.598Z","owner":{"name":"Arnold"}}]} 
17:53:49.040 INFO   [CommentRepository.getComments] result={"data":[{"id":123,"text":"blah-blah-blah","publishDate":"26.11.2020","owner":{"name":"Vasya"}},{"id":456,"text":"blah-blah-blah","publishDate":"24.05.2020","owner":{"name":"Arnold"}}]} 
17:53:49.058 INFO   [CommentRepository.getComments] invoked dummyApi.getComments 
17:53:49.059 ERROR  [CommentRepository.getComments] error=Api error 
17:53:49.083 INFO   [PostRepository.getPostList] invoked dummyApi.getPostList 
17:53:49.084 INFO   [PostRepository.getPostList] reply={"data":[{"id":123,"text":"blah-blah-blah","publishDate":"2020-11-25T21:56:06.020Z","owner":{"name":"Vasya"}},{"id":456,"text":"blah-blah-blah","publishDate":"2020-05-24T14:53:17.598Z","owner":{"name":"Arnold"}}]} 
17:53:49.089 INFO   [PostRepository.getPostList] result={"data":[{"id":123,"text":"blah-blah-blah","publishDate":"26.11.2020","owner":{"name":"Vasya"}},{"id":456,"text":"blah-blah-blah","publishDate":"24.05.2020","owner":{"name":"Arnold"}}]} 
17:53:49.103 INFO   [PostRepository.getPostList] invoked dummyApi.getPostList 
17:53:49.103 ERROR  [PostRepository.getPostList] error=Api error 
17:53:49.104 INFO   [PostRepository.getPostListByUser] invoked dummyApi.getPostListByUser 
17:53:49.104 INFO   [PostRepository.getPostListByUser] reply={"data":[{"id":123,"text":"blah-blah-blah","publishDate":"2020-11-25T21:56:06.020Z","owner":{"name":"Vasya"}},{"id":456,"text":"blah-blah-blah","publishDate":"2020-05-24T14:53:17.598Z","owner":{"name":"Arnold"}}]} 
17:53:49.105 INFO   [PostRepository.getPostListByUser] result={"data":[{"id":123,"text":"blah-blah-blah","publishDate":"26.11.2020","owner":{"name":"Vasya"}},{"id":456,"text":"blah-blah-blah","publishDate":"24.05.2020","owner":{"name":"Arnold"}}]} 
17:53:49.107 INFO   [PostRepository.getPostListByUser] invoked dummyApi.getPostListByUser 
17:53:49.107 ERROR  [PostRepository.getPostListByUser] error=Api error 
17:53:49.321 INFO   [UserRepository.getUserList] invoked dummyApi.getUserList 
17:53:49.321 INFO   [UserRepository.getUserListy] result={"data":[{"id":123,"firstName":"Vasya","lastName":"Pupkin"},{"id":456,"firstName":"Harley","lastName":"Davidson"}]} 
17:53:49.323 INFO   [UserRepository.getUserList] invoked dummyApi.getUserList 
17:53:49.324 ERROR  [UserRepository.getUserList] error=Api error 
17:53:49.324 INFO   [UserRepository.getUser] invoked dummyApi.getUser 
17:53:49.324 INFO   [UserRepository.getUser] reply={"id":123,"firstName":"Vasya","lastName":"Pupkin","dateOfBirth":"1979-11-25T21:56:06.020Z","registerDate":"1979-11-25T21:56:06.020Z","updatedDate":"1979-11-25T21:56:06.020Z"} 
17:53:49.326 INFO   [UserRepository.getUser] result={"id":123,"firstName":"Vasya","lastName":"Pupkin","dateOfBirth":"26.11.1979","registerDate":"26.11.1979","updatedDate":"26.11.1979"} 
17:53:49.331 INFO   [UserRepository.getUser] invoked dummyApi.getUser 
17:53:49.332 ERROR  [UserRepository.getUser] error=Api error 
17:53:49.500 INFO   [UserActions.addUser] invoked dummyApi.addUser new user=undefined 
17:53:49.525 INFO   [UserActions.addUser] invoked dummyApi.addUser new user=undefined 
17:55:55.375 INFO   [PostRepository.getPostList] invoked dummyApi.getPostList 
17:55:55.376 INFO   [PostRepository.getPostList] reply={"data":[{"id":123,"text":"blah-blah-blah","publishDate":"2020-11-25T21:56:06.020Z","owner":{"name":"Vasya"}},{"id":456,"text":"blah-blah-blah","publishDate":"2020-05-24T14:53:17.598Z","owner":{"name":"Arnold"}}]} 
17:55:55.380 INFO   [PostRepository.getPostList] result={"data":[{"id":123,"text":"blah-blah-blah","publishDate":"26.11.2020","owner":{"name":"Vasya"}},{"id":456,"text":"blah-blah-blah","publishDate":"24.05.2020","owner":{"name":"Arnold"}}]} 
17:55:55.393 INFO   [PostRepository.getPostList] invoked dummyApi.getPostList 
17:55:55.393 ERROR  [PostRepository.getPostList] error=Api error 
17:55:55.394 INFO   [PostRepository.getPostListByUser] invoked dummyApi.getPostListByUser 
17:55:55.394 INFO   [PostRepository.getPostListByUser] reply={"data":[{"id":123,"text":"blah-blah-blah","publishDate":"2020-11-25T21:56:06.020Z","owner":{"name":"Vasya"}},{"id":456,"text":"blah-blah-blah","publishDate":"2020-05-24T14:53:17.598Z","owner":{"name":"Arnold"}}]} 
17:55:55.395 INFO   [PostRepository.getPostListByUser] result={"data":[{"id":123,"text":"blah-blah-blah","publishDate":"26.11.2020","owner":{"name":"Vasya"}},{"id":456,"text":"blah-blah-blah","publishDate":"24.05.2020","owner":{"name":"Arnold"}}]} 
17:55:55.396 INFO   [PostRepository.getPostListByUser] invoked dummyApi.getPostListByUser 
17:55:55.397 ERROR  [PostRepository.getPostListByUser] error=Api error 
17:55:55.494 INFO   [CommentRepository.getComments] invoked dummyApi.getComments 
17:55:55.497 INFO   [CommentRepository.getComments] reply={"data":[{"id":123,"text":"blah-blah-blah","publishDate":"2020-11-25T21:56:06.020Z","owner":{"name":"Vasya"}},{"id":456,"text":"blah-blah-blah","publishDate":"2020-05-24T14:53:17.598Z","owner":{"name":"Arnold"}}]} 
17:55:55.502 INFO   [CommentRepository.getComments] result={"data":[{"id":123,"text":"blah-blah-blah","publishDate":"26.11.2020","owner":{"name":"Vasya"}},{"id":456,"text":"blah-blah-blah","publishDate":"24.05.2020","owner":{"name":"Arnold"}}]} 
17:55:55.540 INFO   [CommentRepository.getComments] invoked dummyApi.getComments 
17:55:55.541 ERROR  [CommentRepository.getComments] error=Api error 
17:55:55.731 INFO   [UserRepository.getUserList] invoked dummyApi.getUserList 
17:55:55.731 INFO   [UserRepository.getUserListy] result={"data":[{"id":123,"firstName":"Vasya","lastName":"Pupkin"},{"id":456,"firstName":"Harley","lastName":"Davidson"}]} 
17:55:55.734 INFO   [UserRepository.getUserList] invoked dummyApi.getUserList 
17:55:55.734 ERROR  [UserRepository.getUserList] error=Api error 
17:55:55.735 INFO   [UserRepository.getUser] invoked dummyApi.getUser 
17:55:55.735 INFO   [UserRepository.getUser] reply={"id":123,"firstName":"Vasya","lastName":"Pupkin","dateOfBirth":"1979-11-25T21:56:06.020Z","registerDate":"1979-11-25T21:56:06.020Z","updatedDate":"1979-11-25T21:56:06.020Z"} 
17:55:55.736 INFO   [UserRepository.getUser] result={"id":123,"firstName":"Vasya","lastName":"Pupkin","dateOfBirth":"26.11.1979","registerDate":"26.11.1979","updatedDate":"26.11.1979"} 
17:55:55.737 INFO   [UserRepository.getUser] invoked dummyApi.getUser 
17:55:55.737 ERROR  [UserRepository.getUser] error=Api error 
17:55:55.685 INFO   [UserActions.addUser] invoked dummyApi.addUser new user=123 
17:55:55.688 INFO   [UserActions.addUser] reply={"id":123,"firstName":"Vasya","lastName":"Pupkin","dateOfBirth":"1979-11-25T21:56:06.020Z","registerDate":"1979-11-25T21:56:06.020Z","updatedDate":"1979-11-25T21:56:06.020Z"} 
17:55:55.692 INFO   [UserActions.addUser] result={"id":123,"firstName":"Vasya","lastName":"Pupkin","dateOfBirth":"26.11.1979","registerDate":"26.11.1979","updatedDate":"26.11.1979"} 
17:55:55.707 INFO   [UserActions.addUser] invoked dummyApi.addUser new user=undefined 
17:56:57.477 INFO   [CommentRepository.getComments] invoked dummyApi.getComments 
17:56:57.477 INFO   [CommentRepository.getComments] reply={"data":[{"id":123,"text":"blah-blah-blah","publishDate":"2020-11-25T21:56:06.020Z","owner":{"name":"Vasya"}},{"id":456,"text":"blah-blah-blah","publishDate":"2020-05-24T14:53:17.598Z","owner":{"name":"Arnold"}}]} 
17:56:57.482 INFO   [CommentRepository.getComments] result={"data":[{"id":123,"text":"blah-blah-blah","publishDate":"26.11.2020","owner":{"name":"Vasya"}},{"id":456,"text":"blah-blah-blah","publishDate":"24.05.2020","owner":{"name":"Arnold"}}]} 
17:56:57.498 INFO   [CommentRepository.getComments] invoked dummyApi.getComments 
17:56:57.498 ERROR  [CommentRepository.getComments] error=Api error 
17:56:57.501 INFO   [PostRepository.getPostList] invoked dummyApi.getPostList 
17:56:57.502 INFO   [PostRepository.getPostList] reply={"data":[{"id":123,"text":"blah-blah-blah","publishDate":"2020-11-25T21:56:06.020Z","owner":{"name":"Vasya"}},{"id":456,"text":"blah-blah-blah","publishDate":"2020-05-24T14:53:17.598Z","owner":{"name":"Arnold"}}]} 
17:56:57.507 INFO   [PostRepository.getPostList] result={"data":[{"id":123,"text":"blah-blah-blah","publishDate":"26.11.2020","owner":{"name":"Vasya"}},{"id":456,"text":"blah-blah-blah","publishDate":"24.05.2020","owner":{"name":"Arnold"}}]} 
17:56:57.522 INFO   [PostRepository.getPostList] invoked dummyApi.getPostList 
17:56:57.523 ERROR  [PostRepository.getPostList] error=Api error 
17:56:57.523 INFO   [PostRepository.getPostListByUser] invoked dummyApi.getPostListByUser 
17:56:57.523 INFO   [PostRepository.getPostListByUser] reply={"data":[{"id":123,"text":"blah-blah-blah","publishDate":"2020-11-25T21:56:06.020Z","owner":{"name":"Vasya"}},{"id":456,"text":"blah-blah-blah","publishDate":"2020-05-24T14:53:17.598Z","owner":{"name":"Arnold"}}]} 
17:56:57.524 INFO   [PostRepository.getPostListByUser] result={"data":[{"id":123,"text":"blah-blah-blah","publishDate":"26.11.2020","owner":{"name":"Vasya"}},{"id":456,"text":"blah-blah-blah","publishDate":"24.05.2020","owner":{"name":"Arnold"}}]} 
17:56:57.525 INFO   [PostRepository.getPostListByUser] invoked dummyApi.getPostListByUser 
17:56:57.526 ERROR  [PostRepository.getPostListByUser] error=Api error 
17:56:57.590 INFO   [UserActions.addUser] invoked dummyApi.addUser new user=123 
17:56:57.592 INFO   [UserActions.addUser] reply={"id":123,"firstName":"Vasya","lastName":"Pupkin","dateOfBirth":"1979-11-25T21:56:06.020Z","registerDate":"1979-11-25T21:56:06.020Z","updatedDate":"1979-11-25T21:56:06.020Z"} 
17:56:57.595 INFO   [UserActions.addUser] result={"id":123,"firstName":"Vasya","lastName":"Pupkin","dateOfBirth":"26.11.1979","registerDate":"26.11.1979","updatedDate":"26.11.1979"} 
17:56:57.616 INFO   [UserActions.addUser] invoked dummyApi.addUser new user=123 
17:56:57.617 ERROR  [UserActions.addUser] error=Api error 
17:56:57.714 INFO   [UserRepository.getUserList] invoked dummyApi.getUserList 
17:56:57.714 INFO   [UserRepository.getUserListy] result={"data":[{"id":123,"firstName":"Vasya","lastName":"Pupkin"},{"id":456,"firstName":"Harley","lastName":"Davidson"}]} 
17:56:57.716 INFO   [UserRepository.getUserList] invoked dummyApi.getUserList 
17:56:57.717 ERROR  [UserRepository.getUserList] error=Api error 
17:56:57.718 INFO   [UserRepository.getUser] invoked dummyApi.getUser 
17:56:57.718 INFO   [UserRepository.getUser] reply={"id":123,"firstName":"Vasya","lastName":"Pupkin","dateOfBirth":"1979-11-25T21:56:06.020Z","registerDate":"1979-11-25T21:56:06.020Z","updatedDate":"1979-11-25T21:56:06.020Z"} 
17:56:57.720 INFO   [UserRepository.getUser] result={"id":123,"firstName":"Vasya","lastName":"Pupkin","dateOfBirth":"26.11.1979","registerDate":"26.11.1979","updatedDate":"26.11.1979"} 
17:56:57.721 INFO   [UserRepository.getUser] invoked dummyApi.getUser 
17:56:57.721 ERROR  [UserRepository.getUser] error=Api error 
18:04:32.916 INFO   [CommentRepository.getComments] invoked dummyApi.getComments 
18:04:32.917 INFO   [CommentRepository.getComments] reply={"data":[{"id":123,"text":"blah-blah-blah","publishDate":"2020-11-25T21:56:06.020Z","owner":{"name":"Vasya"}},{"id":456,"text":"blah-blah-blah","publishDate":"2020-05-24T14:53:17.598Z","owner":{"name":"Arnold"}}]} 
18:04:32.921 INFO   [CommentRepository.getComments] result={"data":[{"id":123,"text":"blah-blah-blah","publishDate":"26.11.2020","owner":{"name":"Vasya"}},{"id":456,"text":"blah-blah-blah","publishDate":"24.05.2020","owner":{"name":"Arnold"}}]} 
18:04:32.940 INFO   [CommentRepository.getComments] invoked dummyApi.getComments 
18:04:32.940 ERROR  [CommentRepository.getComments] error=Api error 
18:04:33.038 INFO   [PostRepository.getPostList] invoked dummyApi.getPostList 
18:04:33.039 INFO   [PostRepository.getPostList] reply={"data":[{"id":123,"text":"blah-blah-blah","publishDate":"2020-11-25T21:56:06.020Z","owner":{"name":"Vasya"}},{"id":456,"text":"blah-blah-blah","publishDate":"2020-05-24T14:53:17.598Z","owner":{"name":"Arnold"}}]} 
18:04:33.045 INFO   [PostRepository.getPostList] result={"data":[{"id":123,"text":"blah-blah-blah","publishDate":"26.11.2020","owner":{"name":"Vasya"}},{"id":456,"text":"blah-blah-blah","publishDate":"24.05.2020","owner":{"name":"Arnold"}}]} 
18:04:33.061 INFO   [PostRepository.getPostList] invoked dummyApi.getPostList 
18:04:33.061 ERROR  [PostRepository.getPostList] error=Api error 
18:04:33.062 INFO   [PostRepository.getPostListByUser] invoked dummyApi.getPostListByUser 
18:04:33.062 INFO   [PostRepository.getPostListByUser] reply={"data":[{"id":123,"text":"blah-blah-blah","publishDate":"2020-11-25T21:56:06.020Z","owner":{"name":"Vasya"}},{"id":456,"text":"blah-blah-blah","publishDate":"2020-05-24T14:53:17.598Z","owner":{"name":"Arnold"}}]} 
18:04:33.063 INFO   [PostRepository.getPostListByUser] result={"data":[{"id":123,"text":"blah-blah-blah","publishDate":"26.11.2020","owner":{"name":"Vasya"}},{"id":456,"text":"blah-blah-blah","publishDate":"24.05.2020","owner":{"name":"Arnold"}}]} 
18:04:33.065 INFO   [PostRepository.getPostListByUser] invoked dummyApi.getPostListByUser 
18:04:33.065 ERROR  [PostRepository.getPostListByUser] error=Api error 
18:04:33.149 INFO   [UserRepository.getUserList] invoked dummyApi.getUserList 
18:04:33.149 INFO   [UserRepository.getUserListy] result={"data":[{"id":123,"firstName":"Vasya","lastName":"Pupkin"},{"id":456,"firstName":"Harley","lastName":"Davidson"}]} 
18:04:33.151 INFO   [UserRepository.getUserList] invoked dummyApi.getUserList 
18:04:33.151 ERROR  [UserRepository.getUserList] error=Api error 
18:04:33.151 INFO   [UserRepository.getUser] invoked dummyApi.getUser 
18:04:33.152 INFO   [UserRepository.getUser] reply={"id":123,"firstName":"Vasya","lastName":"Pupkin","dateOfBirth":"1979-11-25T21:56:06.020Z","registerDate":"1979-11-25T21:56:06.020Z","updatedDate":"1979-11-25T21:56:06.020Z"} 
18:04:33.153 INFO   [UserRepository.getUser] result={"id":123,"firstName":"Vasya","lastName":"Pupkin","dateOfBirth":"26.11.1979","registerDate":"26.11.1979","updatedDate":"26.11.1979"} 
18:04:33.154 INFO   [UserRepository.getUser] invoked dummyApi.getUser 
18:04:33.154 ERROR  [UserRepository.getUser] error=Api error 
18:04:33.158 INFO   [UserActions.addUser] invoked dummyApi.addUser new user={"firstName":"Vasya","lastName":"Pupkin","dateOfBirth":"26.11.1979"} 
18:04:33.160 INFO   [UserActions.addUser] reply={"id":123,"firstName":"Vasya","lastName":"Pupkin","dateOfBirth":"1979-11-25T21:56:06.020Z","registerDate":"1979-11-25T21:56:06.020Z","updatedDate":"1979-11-25T21:56:06.020Z"} 
18:04:33.164 INFO   [UserActions.addUser] result={"id":123,"firstName":"Vasya","lastName":"Pupkin","dateOfBirth":"26.11.1979","registerDate":"26.11.1979","updatedDate":"26.11.1979"} 
18:04:33.182 INFO   [UserActions.addUser] invoked dummyApi.addUser new user={"firstName":"Vasya","lastName":"Pupkin","dateOfBirth":"26.11.1979"} 
18:04:33.183 ERROR  [UserActions.addUser] error=Api error 
18:04:33.184 INFO   [UserActions.updateUser] invoked dummyApi.updateUser user id=123 updated data={"firstName":"Vasya","lastName":"Pupkin","dateOfBirth":"26.11.1979"} 
18:04:33.184 INFO   [UserActions.updateUser] reply={"id":123,"firstName":"Vasya","lastName":"Pupkin","dateOfBirth":"1979-11-25T21:56:06.020Z","registerDate":"1979-11-25T21:56:06.020Z","updatedDate":"1979-11-25T21:56:06.020Z"} 
18:04:33.185 INFO   [UserActions.updateUser] result={"id":123,"firstName":"Vasya","lastName":"Pupkin","dateOfBirth":"26.11.1979","registerDate":"26.11.1979","updatedDate":"26.11.1979"} 
18:04:33.186 INFO   [UserActions.addUser] invoked dummyApi.addUser new user=123 
18:04:33.186 ERROR  [UserActions.addUser] error=Api error 
18:05:18.058 INFO   [PostRepository.getPostList] invoked dummyApi.getPostList 
18:05:18.059 INFO   [PostRepository.getPostList] reply={"data":[{"id":123,"text":"blah-blah-blah","publishDate":"2020-11-25T21:56:06.020Z","owner":{"name":"Vasya"}},{"id":456,"text":"blah-blah-blah","publishDate":"2020-05-24T14:53:17.598Z","owner":{"name":"Arnold"}}]} 
18:05:18.063 INFO   [PostRepository.getPostList] result={"data":[{"id":123,"text":"blah-blah-blah","publishDate":"26.11.2020","owner":{"name":"Vasya"}},{"id":456,"text":"blah-blah-blah","publishDate":"24.05.2020","owner":{"name":"Arnold"}}]} 
18:05:18.076 INFO   [PostRepository.getPostList] invoked dummyApi.getPostList 
18:05:18.077 ERROR  [PostRepository.getPostList] error=Api error 
18:05:18.077 INFO   [PostRepository.getPostListByUser] invoked dummyApi.getPostListByUser 
18:05:18.077 INFO   [PostRepository.getPostListByUser] reply={"data":[{"id":123,"text":"blah-blah-blah","publishDate":"2020-11-25T21:56:06.020Z","owner":{"name":"Vasya"}},{"id":456,"text":"blah-blah-blah","publishDate":"2020-05-24T14:53:17.598Z","owner":{"name":"Arnold"}}]} 
18:05:18.078 INFO   [PostRepository.getPostListByUser] result={"data":[{"id":123,"text":"blah-blah-blah","publishDate":"26.11.2020","owner":{"name":"Vasya"}},{"id":456,"text":"blah-blah-blah","publishDate":"24.05.2020","owner":{"name":"Arnold"}}]} 
18:05:18.079 INFO   [PostRepository.getPostListByUser] invoked dummyApi.getPostListByUser 
18:05:18.079 ERROR  [PostRepository.getPostListByUser] error=Api error 
18:05:18.170 INFO   [CommentRepository.getComments] invoked dummyApi.getComments 
18:05:18.171 INFO   [CommentRepository.getComments] reply={"data":[{"id":123,"text":"blah-blah-blah","publishDate":"2020-11-25T21:56:06.020Z","owner":{"name":"Vasya"}},{"id":456,"text":"blah-blah-blah","publishDate":"2020-05-24T14:53:17.598Z","owner":{"name":"Arnold"}}]} 
18:05:18.176 INFO   [CommentRepository.getComments] result={"data":[{"id":123,"text":"blah-blah-blah","publishDate":"26.11.2020","owner":{"name":"Vasya"}},{"id":456,"text":"blah-blah-blah","publishDate":"24.05.2020","owner":{"name":"Arnold"}}]} 
18:05:18.192 INFO   [CommentRepository.getComments] invoked dummyApi.getComments 
18:05:18.193 ERROR  [CommentRepository.getComments] error=Api error 
18:05:18.286 INFO   [UserRepository.getUserList] invoked dummyApi.getUserList 
18:05:18.286 INFO   [UserRepository.getUserListy] result={"data":[{"id":123,"firstName":"Vasya","lastName":"Pupkin"},{"id":456,"firstName":"Harley","lastName":"Davidson"}]} 
18:05:18.287 INFO   [UserRepository.getUserList] invoked dummyApi.getUserList 
18:05:18.287 ERROR  [UserRepository.getUserList] error=Api error 
18:05:18.288 INFO   [UserRepository.getUser] invoked dummyApi.getUser 
18:05:18.288 INFO   [UserRepository.getUser] reply={"id":123,"firstName":"Vasya","lastName":"Pupkin","dateOfBirth":"1979-11-25T21:56:06.020Z","registerDate":"1979-11-25T21:56:06.020Z","updatedDate":"1979-11-25T21:56:06.020Z"} 
18:05:18.289 INFO   [UserRepository.getUser] result={"id":123,"firstName":"Vasya","lastName":"Pupkin","dateOfBirth":"26.11.1979","registerDate":"26.11.1979","updatedDate":"26.11.1979"} 
18:05:18.298 INFO   [UserRepository.getUser] invoked dummyApi.getUser 
18:05:18.299 ERROR  [UserRepository.getUser] error=Api error 
18:05:18.313 INFO   [UserActions.addUser] invoked dummyApi.addUser new user={"firstName":"Vasya","lastName":"Pupkin","dateOfBirth":"26.11.1979"} 
18:05:18.316 INFO   [UserActions.addUser] reply={"id":123,"firstName":"Vasya","lastName":"Pupkin","dateOfBirth":"1979-11-25T21:56:06.020Z","registerDate":"1979-11-25T21:56:06.020Z","updatedDate":"1979-11-25T21:56:06.020Z"} 
18:05:18.327 INFO   [UserActions.addUser] result={"id":123,"firstName":"Vasya","lastName":"Pupkin","dateOfBirth":"26.11.1979","registerDate":"26.11.1979","updatedDate":"26.11.1979"} 
18:05:18.349 INFO   [UserActions.addUser] invoked dummyApi.addUser new user={"firstName":"Vasya","lastName":"Pupkin","dateOfBirth":"26.11.1979"} 
18:05:18.350 ERROR  [UserActions.addUser] error=Api error 
18:05:18.351 INFO   [UserActions.updateUser] invoked dummyApi.updateUser user id=123 updated data={"firstName":"Vasya","lastName":"Pupkin","dateOfBirth":"26.11.1979"} 
18:05:18.351 INFO   [UserActions.updateUser] reply={"id":123,"firstName":"Vasya","lastName":"Pupkin","dateOfBirth":"1979-11-25T21:56:06.020Z","registerDate":"1979-11-25T21:56:06.020Z","updatedDate":"1979-11-25T21:56:06.020Z"} 
18:05:18.352 INFO   [UserActions.updateUser] result={"id":123,"firstName":"Vasya","lastName":"Pupkin","dateOfBirth":"26.11.1979","registerDate":"26.11.1979","updatedDate":"26.11.1979"} 
18:05:18.353 INFO   [UserActions.updateUser] invoked dummyApi.updateUser user id=123 updated data={"id":123,"firstName":"Vasya","lastName":"Pupkin","dateOfBirth":"26.11.1979"} 
18:05:18.353 ERROR  [UserActions.addUser] error=Api error 
18:21:41.330 INFO  b43b8a55-10f7-4d24-a746-17d05c86dd90 [PostService.getPostList] page=0 limit=6 
18:21:41.331 INFO  b43b8a55-10f7-4d24-a746-17d05c86dd90 [PostRepository.getPostList] invoked dummyApi.getPostList 
18:21:42.274 INFO  b43b8a55-10f7-4d24-a746-17d05c86dd90 [PostRepository.getPostList] reply={"data":[{"id":"60d21b4667d0d8992e610c85","image":"https://img.dummyapi.io/photo-1564694202779-bc908c327862.jpg","likes":43,"tags":["animal","dog","golden retriever"],"text":"adult Labrador retriever","publishDate":"2020-05-24T14:53:17.598Z","owner":{"id":"60d0fe4f5311236168a109ca","title":"ms","firstName":"Sara","lastName":"Andersen","picture":"https://randomuser.me/api/portraits/women/58.jpg"}},{"id":"60d21b4967d0d8992e610c90","image":"https://img.dummyapi.io/photo-1510414696678-2415ad8474aa.jpg","likes":31,"tags":["snow","ice","mountain"],"text":"ice caves in the wild landscape photo of ice near ...","publishDate":"2020-05-24T07:44:17.738Z","owner":{"id":"60d0fe4f5311236168a10a0b","title":"miss","firstName":"Margarita","lastName":"Vicente","picture":"https://randomuser.me/api/portraits/med/women/5.jpg"}},{"id":"60d21b8667d0d8992e610d3f","image":"https://img.dummyapi.io/photo-1515376721779-7db6951da88d.jpg","likes":16,"tags":["dog","pet","canine"],"text":"@adventure.yuki frozen grass short-coated black do...","publishDate":"2020-05-24T05:44:55.297Z","owner":{"id":"60d0fe4f5311236168a109ed","title":"miss","firstName":"Kayla","lastName":"Bredesen","picture":"https://randomuser.me/api/portraits/med/women/13.jpg"}},{"id":"60d21b3a67d0d8992e610c60","image":"https://img.dummyapi.io/photo-1581804928342-4e3405e39c91.jpg","likes":7,"tags":["canine","pet","mammal"],"text":"Hiking with my dog in the woods. black labrador re...","publishDate":"2020-05-23T22:56:11.424Z","owner":{"id":"60d0fe4f5311236168a109d5","title":"mrs","firstName":"Sibylle","lastName":"Leibold","picture":"https://randomuser.me/api/portraits/med/women/89.jpg"}},{"id":"60d21bf967d0d8992e610e9b","image":"https://img.dummyapi.io/photo-1574457547512-5b1646994eea.jpg","likes":28,"tags":["dog","human","animal"],"text":"Two boys hug their dogs in a leaf pile in the fall...","publishDate":"2020-05-23T18:52:32.613Z","owner":{"id":"60d0fe4f5311236168a109f7","title":"mrs","firstName":"Jolanda","lastName":"Lacroix","picture":"https://randomuser.me/api/portraits/med/women/32.jpg"}},{"id":"60d21b7d67d0d8992e610d25","image":"https://img.dummyapi.io/photo-1498534928137-473daa67f5c4.jpg","likes":18,"tags":["dog","animal","pet"],"text":"Bone salt and pepper schnauzer puppy","publishDate":"2020-05-23T14:42:22.808Z","owner":{"id":"60d0fe4f5311236168a109e4","title":"mr","firstName":"Pwry","lastName":"Shylyrd","picture":"https://randomuser.me/api/portraits/med/men/37.jpg"}}],"total":873,"page":0,"limit":6} 
18:21:42.278 INFO  b43b8a55-10f7-4d24-a746-17d05c86dd90 [PostRepository.getPostList] result={"data":[{"id":"60d21b4667d0d8992e610c85","image":"https://img.dummyapi.io/photo-1564694202779-bc908c327862.jpg","likes":43,"tags":["animal","dog","golden retriever"],"text":"adult Labrador retriever","publishDate":"24.05.2020","owner":{"id":"60d0fe4f5311236168a109ca","title":"ms","firstName":"Sara","lastName":"Andersen","picture":"https://randomuser.me/api/portraits/women/58.jpg"}},{"id":"60d21b4967d0d8992e610c90","image":"https://img.dummyapi.io/photo-1510414696678-2415ad8474aa.jpg","likes":31,"tags":["snow","ice","mountain"],"text":"ice caves in the wild landscape photo of ice near ...","publishDate":"24.05.2020","owner":{"id":"60d0fe4f5311236168a10a0b","title":"miss","firstName":"Margarita","lastName":"Vicente","picture":"https://randomuser.me/api/portraits/med/women/5.jpg"}},{"id":"60d21b8667d0d8992e610d3f","image":"https://img.dummyapi.io/photo-1515376721779-7db6951da88d.jpg","likes":16,"tags":["dog","pet","canine"],"text":"@adventure.yuki frozen grass short-coated black do...","publishDate":"24.05.2020","owner":{"id":"60d0fe4f5311236168a109ed","title":"miss","firstName":"Kayla","lastName":"Bredesen","picture":"https://randomuser.me/api/portraits/med/women/13.jpg"}},{"id":"60d21b3a67d0d8992e610c60","image":"https://img.dummyapi.io/photo-1581804928342-4e3405e39c91.jpg","likes":7,"tags":["canine","pet","mammal"],"text":"Hiking with my dog in the woods. black labrador re...","publishDate":"24.05.2020","owner":{"id":"60d0fe4f5311236168a109d5","title":"mrs","firstName":"Sibylle","lastName":"Leibold","picture":"https://randomuser.me/api/portraits/med/women/89.jpg"}},{"id":"60d21bf967d0d8992e610e9b","image":"https://img.dummyapi.io/photo-1574457547512-5b1646994eea.jpg","likes":28,"tags":["dog","human","animal"],"text":"Two boys hug their dogs in a leaf pile in the fall...","publishDate":"23.05.2020","owner":{"id":"60d0fe4f5311236168a109f7","title":"mrs","firstName":"Jolanda","lastName":"Lacroix","picture":"https://randomuser.me/api/portraits/med/women/32.jpg"}},{"id":"60d21b7d67d0d8992e610d25","image":"https://img.dummyapi.io/photo-1498534928137-473daa67f5c4.jpg","likes":18,"tags":["dog","animal","pet"],"text":"Bone salt and pepper schnauzer puppy","publishDate":"23.05.2020","owner":{"id":"60d0fe4f5311236168a109e4","title":"mr","firstName":"Pwry","lastName":"Shylyrd","picture":"https://randomuser.me/api/portraits/med/men/37.jpg"}}],"total":873,"page":0,"limit":6} 
18:21:42.278 INFO  b43b8a55-10f7-4d24-a746-17d05c86dd90 [PostService.getPostList] success status={"data":[{"id":"60d21b4667d0d8992e610c85","image":"https://img.dummyapi.io/photo-1564694202779-bc908c327862.jpg","likes":43,"tags":["animal","dog","golden retriever"],"text":"adult Labrador retriever","publishDate":"24.05.2020","owner":{"id":"60d0fe4f5311236168a109ca","title":"ms","firstName":"Sara","lastName":"Andersen","picture":"https://randomuser.me/api/portraits/women/58.jpg"}},{"id":"60d21b4967d0d8992e610c90","image":"https://img.dummyapi.io/photo-1510414696678-2415ad8474aa.jpg","likes":31,"tags":["snow","ice","mountain"],"text":"ice caves in the wild landscape photo of ice near ...","publishDate":"24.05.2020","owner":{"id":"60d0fe4f5311236168a10a0b","title":"miss","firstName":"Margarita","lastName":"Vicente","picture":"https://randomuser.me/api/portraits/med/women/5.jpg"}},{"id":"60d21b8667d0d8992e610d3f","image":"https://img.dummyapi.io/photo-1515376721779-7db6951da88d.jpg","likes":16,"tags":["dog","pet","canine"],"text":"@adventure.yuki frozen grass short-coated black do...","publishDate":"24.05.2020","owner":{"id":"60d0fe4f5311236168a109ed","title":"miss","firstName":"Kayla","lastName":"Bredesen","picture":"https://randomuser.me/api/portraits/med/women/13.jpg"}},{"id":"60d21b3a67d0d8992e610c60","image":"https://img.dummyapi.io/photo-1581804928342-4e3405e39c91.jpg","likes":7,"tags":["canine","pet","mammal"],"text":"Hiking with my dog in the woods. black labrador re...","publishDate":"24.05.2020","owner":{"id":"60d0fe4f5311236168a109d5","title":"mrs","firstName":"Sibylle","lastName":"Leibold","picture":"https://randomuser.me/api/portraits/med/women/89.jpg"}},{"id":"60d21bf967d0d8992e610e9b","image":"https://img.dummyapi.io/photo-1574457547512-5b1646994eea.jpg","likes":28,"tags":["dog","human","animal"],"text":"Two boys hug their dogs in a leaf pile in the fall...","publishDate":"23.05.2020","owner":{"id":"60d0fe4f5311236168a109f7","title":"mrs","firstName":"Jolanda","lastName":"Lacroix","picture":"https://randomuser.me/api/portraits/med/women/32.jpg"}},{"id":"60d21b7d67d0d8992e610d25","image":"https://img.dummyapi.io/photo-1498534928137-473daa67f5c4.jpg","likes":18,"tags":["dog","animal","pet"],"text":"Bone salt and pepper schnauzer puppy","publishDate":"23.05.2020","owner":{"id":"60d0fe4f5311236168a109e4","title":"mr","firstName":"Pwry","lastName":"Shylyrd","picture":"https://randomuser.me/api/portraits/med/men/37.jpg"}}],"total":873,"page":0,"limit":6} response= 
18:21:51.669 INFO  116fa984-93e0-4616-a152-b77f04593dfd [CommentService.getComments] post id=60d21b3a67d0d8992e610c60 page=0 limit=5 
18:21:51.669 INFO  116fa984-93e0-4616-a152-b77f04593dfd [CommentRepository.getComments] invoked dummyApi.getComments 
18:21:52.269 INFO  116fa984-93e0-4616-a152-b77f04593dfd [CommentRepository.getComments] reply={"data":[],"total":0,"page":0,"limit":5} 
18:21:52.269 INFO  116fa984-93e0-4616-a152-b77f04593dfd [CommentRepository.getComments] result={"data":[],"total":0,"page":0,"limit":5} 
18:21:52.269 INFO  116fa984-93e0-4616-a152-b77f04593dfd [CommentService.getComments] success status={"data":[],"total":0,"page":0,"limit":5} response= 
18:21:55.263 INFO  0698fc4e-4ef2-4f77-89df-b8daa43c5951 [CommentService.getComments] post id=60d21bf967d0d8992e610e9b page=0 limit=5 
18:21:55.263 INFO  0698fc4e-4ef2-4f77-89df-b8daa43c5951 [CommentRepository.getComments] invoked dummyApi.getComments 
18:21:55.657 INFO  0698fc4e-4ef2-4f77-89df-b8daa43c5951 [CommentRepository.getComments] reply={"data":[{"id":"60d2237267d0d8992e6118d7","message":"Handsome shot","owner":{"id":"60d0fe4f5311236168a10a19","title":"miss","firstName":"Debbie","lastName":"Garcia","picture":"https://randomuser.me/api/portraits/med/women/86.jpg"},"post":"60d21bf967d0d8992e610e9b","publishDate":"2019-12-12T18:57:30.941Z"}],"total":1,"page":0,"limit":5} 
18:21:55.657 INFO  0698fc4e-4ef2-4f77-89df-b8daa43c5951 [CommentRepository.getComments] result={"data":[{"id":"60d2237267d0d8992e6118d7","message":"Handsome shot","owner":{"id":"60d0fe4f5311236168a10a19","title":"miss","firstName":"Debbie","lastName":"Garcia","picture":"https://randomuser.me/api/portraits/med/women/86.jpg"},"post":"60d21bf967d0d8992e610e9b","publishDate":"12.12.2019"}],"total":1,"page":0,"limit":5} 
18:21:55.657 INFO  0698fc4e-4ef2-4f77-89df-b8daa43c5951 [CommentService.getComments] success status={"data":[{"id":"60d2237267d0d8992e6118d7","message":"Handsome shot","owner":{"id":"60d0fe4f5311236168a10a19","title":"miss","firstName":"Debbie","lastName":"Garcia","picture":"https://randomuser.me/api/portraits/med/women/86.jpg"},"post":"60d21bf967d0d8992e610e9b","publishDate":"12.12.2019"}],"total":1,"page":0,"limit":5} response= 
18:21:58.001 INFO  d3aa8069-7911-4957-8fa1-2f482ac12148 [CommentService.getComments] post id=60d21bf967d0d8992e610e9b page=0 limit=5 
18:21:58.001 INFO  d3aa8069-7911-4957-8fa1-2f482ac12148 [CommentRepository.getComments] invoked dummyApi.getComments 
18:21:58.007 INFO  6602752d-8bae-4234-ad5b-5df8f615b597 [UserService.getUser] id=60d0fe4f5311236168a10a19 
18:21:58.007 INFO  6602752d-8bae-4234-ad5b-5df8f615b597 [UserRepository.getUser] invoked dummyApi.getUser 
18:21:58.011 INFO  033b35ac-a160-44b9-aa15-26ab8c296dad [PostService.getPostListByUser] user id=60d0fe4f5311236168a10a19 page=0 limit=6 
18:21:58.011 INFO  033b35ac-a160-44b9-aa15-26ab8c296dad [PostRepository.getPostListByUser] invoked dummyApi.getPostListByUser 
18:21:58.452 INFO  033b35ac-a160-44b9-aa15-26ab8c296dad [PostRepository.getPostListByUser] reply={"data":[{"id":"60d21bbc67d0d8992e610dde","image":"https://img.dummyapi.io/photo-1549029555-5074848335d1.jpg","likes":14,"tags":["dog","canine","mammal"],"text":"selective focus photography of brown dog lying on ...","publishDate":"2020-05-20T07:57:54.421Z","owner":{"id":"60d0fe4f5311236168a10a19","title":"miss","firstName":"Debbie","lastName":"Garcia","picture":"https://randomuser.me/api/portraits/med/women/86.jpg"}},{"id":"60d21b0367d0d8992e610bc1","image":"https://img.dummyapi.io/photo-1569285105618-84d229fd06a6.jpg","likes":37,"tags":["dog","animal","strap"],"text":"long-coated brown dog","publishDate":"2020-01-26T05:22:59.512Z","owner":{"id":"60d0fe4f5311236168a10a19","title":"miss","firstName":"Debbie","lastName":"Garcia","picture":"https://randomuser.me/api/portraits/med/women/86.jpg"}},{"id":"60d21af667d0d8992e610b99","image":"https://img.dummyapi.io/photo-1517198027781-72926775347c.jpg","likes":54,"tags":["human","person","people"],"text":"Lady Dog man and dog sitting on sand during sunset","publishDate":"2020-01-25T01:27:08.008Z","owner":{"id":"60d0fe4f5311236168a10a19","title":"miss","firstName":"Debbie","lastName":"Garcia","picture":"https://randomuser.me/api/portraits/med/women/86.jpg"}},{"id":"60d21aff67d0d8992e610bb6","image":"https://img.dummyapi.io/photo-1524326431314-1e287f2e9bce.jpg","likes":38,"tags":["dog","los algarrobos","panama"],"text":"The dogs were thrilled to find  the river. Its ama...","publishDate":"2020-01-23T01:21:25.573Z","owner":{"id":"60d0fe4f5311236168a10a19","title":"miss","firstName":"Debbie","lastName":"Garcia","picture":"https://randomuser.me/api/portraits/med/women/86.jpg"}},{"id":"60d21bf867d0d8992e610e99","image":"https://img.dummyapi.io/photo-1530553621687-a39a2ceaba2f.jpg","likes":165,"tags":["road","car","black"],"text":"Marcos ILX black car parked on parking lot","publishDate":"2019-12-06T03:18:54.813Z","owner":{"id":"60d0fe4f5311236168a10a19","title":"miss","firstName":"Debbie","lastName":"Garcia","picture":"https://randomuser.me/api/portraits/med/women/86.jpg"}}],"total":5,"page":0,"limit":6} 
18:21:58.453 INFO  033b35ac-a160-44b9-aa15-26ab8c296dad [PostRepository.getPostListByUser] result={"data":[{"id":"60d21bbc67d0d8992e610dde","image":"https://img.dummyapi.io/photo-1549029555-5074848335d1.jpg","likes":14,"tags":["dog","canine","mammal"],"text":"selective focus photography of brown dog lying on ...","publishDate":"20.05.2020","owner":{"id":"60d0fe4f5311236168a10a19","title":"miss","firstName":"Debbie","lastName":"Garcia","picture":"https://randomuser.me/api/portraits/med/women/86.jpg"}},{"id":"60d21b0367d0d8992e610bc1","image":"https://img.dummyapi.io/photo-1569285105618-84d229fd06a6.jpg","likes":37,"tags":["dog","animal","strap"],"text":"long-coated brown dog","publishDate":"26.01.2020","owner":{"id":"60d0fe4f5311236168a10a19","title":"miss","firstName":"Debbie","lastName":"Garcia","picture":"https://randomuser.me/api/portraits/med/women/86.jpg"}},{"id":"60d21af667d0d8992e610b99","image":"https://img.dummyapi.io/photo-1517198027781-72926775347c.jpg","likes":54,"tags":["human","person","people"],"text":"Lady Dog man and dog sitting on sand during sunset","publishDate":"25.01.2020","owner":{"id":"60d0fe4f5311236168a10a19","title":"miss","firstName":"Debbie","lastName":"Garcia","picture":"https://randomuser.me/api/portraits/med/women/86.jpg"}},{"id":"60d21aff67d0d8992e610bb6","image":"https://img.dummyapi.io/photo-1524326431314-1e287f2e9bce.jpg","likes":38,"tags":["dog","los algarrobos","panama"],"text":"The dogs were thrilled to find  the river. Its ama...","publishDate":"23.01.2020","owner":{"id":"60d0fe4f5311236168a10a19","title":"miss","firstName":"Debbie","lastName":"Garcia","picture":"https://randomuser.me/api/portraits/med/women/86.jpg"}},{"id":"60d21bf867d0d8992e610e99","image":"https://img.dummyapi.io/photo-1530553621687-a39a2ceaba2f.jpg","likes":165,"tags":["road","car","black"],"text":"Marcos ILX black car parked on parking lot","publishDate":"06.12.2019","owner":{"id":"60d0fe4f5311236168a10a19","title":"miss","firstName":"Debbie","lastName":"Garcia","picture":"https://randomuser.me/api/portraits/med/women/86.jpg"}}],"total":5,"page":0,"limit":6} 
18:21:58.453 INFO  033b35ac-a160-44b9-aa15-26ab8c296dad [PostService.getPostListByUser] success status={"data":[{"id":"60d21bbc67d0d8992e610dde","image":"https://img.dummyapi.io/photo-1549029555-5074848335d1.jpg","likes":14,"tags":["dog","canine","mammal"],"text":"selective focus photography of brown dog lying on ...","publishDate":"20.05.2020","owner":{"id":"60d0fe4f5311236168a10a19","title":"miss","firstName":"Debbie","lastName":"Garcia","picture":"https://randomuser.me/api/portraits/med/women/86.jpg"}},{"id":"60d21b0367d0d8992e610bc1","image":"https://img.dummyapi.io/photo-1569285105618-84d229fd06a6.jpg","likes":37,"tags":["dog","animal","strap"],"text":"long-coated brown dog","publishDate":"26.01.2020","owner":{"id":"60d0fe4f5311236168a10a19","title":"miss","firstName":"Debbie","lastName":"Garcia","picture":"https://randomuser.me/api/portraits/med/women/86.jpg"}},{"id":"60d21af667d0d8992e610b99","image":"https://img.dummyapi.io/photo-1517198027781-72926775347c.jpg","likes":54,"tags":["human","person","people"],"text":"Lady Dog man and dog sitting on sand during sunset","publishDate":"25.01.2020","owner":{"id":"60d0fe4f5311236168a10a19","title":"miss","firstName":"Debbie","lastName":"Garcia","picture":"https://randomuser.me/api/portraits/med/women/86.jpg"}},{"id":"60d21aff67d0d8992e610bb6","image":"https://img.dummyapi.io/photo-1524326431314-1e287f2e9bce.jpg","likes":38,"tags":["dog","los algarrobos","panama"],"text":"The dogs were thrilled to find  the river. Its ama...","publishDate":"23.01.2020","owner":{"id":"60d0fe4f5311236168a10a19","title":"miss","firstName":"Debbie","lastName":"Garcia","picture":"https://randomuser.me/api/portraits/med/women/86.jpg"}},{"id":"60d21bf867d0d8992e610e99","image":"https://img.dummyapi.io/photo-1530553621687-a39a2ceaba2f.jpg","likes":165,"tags":["road","car","black"],"text":"Marcos ILX black car parked on parking lot","publishDate":"06.12.2019","owner":{"id":"60d0fe4f5311236168a10a19","title":"miss","firstName":"Debbie","lastName":"Garcia","picture":"https://randomuser.me/api/portraits/med/women/86.jpg"}}],"total":5,"page":0,"limit":6} response= 
18:21:58.458 INFO  d3aa8069-7911-4957-8fa1-2f482ac12148 [CommentRepository.getComments] reply={"data":[{"id":"60d2237267d0d8992e6118d7","message":"Handsome shot","owner":{"id":"60d0fe4f5311236168a10a19","title":"miss","firstName":"Debbie","lastName":"Garcia","picture":"https://randomuser.me/api/portraits/med/women/86.jpg"},"post":"60d21bf967d0d8992e610e9b","publishDate":"2019-12-12T18:57:30.941Z"}],"total":1,"page":0,"limit":5} 
18:21:58.458 INFO  d3aa8069-7911-4957-8fa1-2f482ac12148 [CommentRepository.getComments] result={"data":[{"id":"60d2237267d0d8992e6118d7","message":"Handsome shot","owner":{"id":"60d0fe4f5311236168a10a19","title":"miss","firstName":"Debbie","lastName":"Garcia","picture":"https://randomuser.me/api/portraits/med/women/86.jpg"},"post":"60d21bf967d0d8992e610e9b","publishDate":"12.12.2019"}],"total":1,"page":0,"limit":5} 
18:21:58.458 INFO  d3aa8069-7911-4957-8fa1-2f482ac12148 [CommentService.getComments] success status={"data":[{"id":"60d2237267d0d8992e6118d7","message":"Handsome shot","owner":{"id":"60d0fe4f5311236168a10a19","title":"miss","firstName":"Debbie","lastName":"Garcia","picture":"https://randomuser.me/api/portraits/med/women/86.jpg"},"post":"60d21bf967d0d8992e610e9b","publishDate":"12.12.2019"}],"total":1,"page":0,"limit":5} response= 
18:22:00.542 INFO  6602752d-8bae-4234-ad5b-5df8f615b597 [UserRepository.getUser] reply={"id":"60d0fe4f5311236168a10a19","title":"miss","firstName":"Debbie","lastName":"Garcia","picture":"https://randomuser.me/api/portraits/med/women/86.jpg","gender":"female","email":"debbie.garcia@example.com","dateOfBirth":"1985-11-11T02:47:47.529Z","phone":"01733 87500","location":{"street":"6424, Grange Road","city":"Sunderland","state":"County Down","country":"United Kingdom","timezone":"-12:00"},"registerDate":"2021-06-21T21:02:20.682Z","updatedDate":"2021-06-21T21:02:20.682Z"} 
18:22:00.543 INFO  6602752d-8bae-4234-ad5b-5df8f615b597 [UserRepository.getUser] result={"id":"60d0fe4f5311236168a10a19","title":"miss","firstName":"Debbie","lastName":"Garcia","picture":"https://randomuser.me/api/portraits/med/women/86.jpg","gender":"female","email":"debbie.garcia@example.com","dateOfBirth":"11.11.1985","phone":"01733 87500","location":{"street":"6424, Grange Road","city":"Sunderland","state":"County Down","country":"United Kingdom","timezone":"-12:00"},"registerDate":"22.06.2021","updatedDate":"22.06.2021"} 
18:22:00.543 INFO  6602752d-8bae-4234-ad5b-5df8f615b597 [UserService.getUser] success status=200 response={"id":"60d0fe4f5311236168a10a19","title":"miss","firstName":"Debbie","lastName":"Garcia","picture":"https://randomuser.me/api/portraits/med/women/86.jpg","gender":"female","email":"debbie.garcia@example.com","dateOfBirth":"11.11.1985","phone":"01733 87500","location":{"street":"6424, Grange Road","city":"Sunderland","state":"County Down","country":"United Kingdom","timezone":"-12:00"},"registerDate":"22.06.2021","updatedDate":"22.06.2021"} 
18:22:05.267 INFO  46bb8b8c-5507-4223-a7fd-bbb9bb400e12 [UserService.getUserList] page=0 limit=6 
18:22:05.267 INFO  46bb8b8c-5507-4223-a7fd-bbb9bb400e12 [UserRepository.getUserList] invoked dummyApi.getUserList 
18:22:05.681 INFO  46bb8b8c-5507-4223-a7fd-bbb9bb400e12 [UserRepository.getUserListy] result={"data":[{"id":"60d0fe4f5311236168a109ca","title":"ms","firstName":"Sara","lastName":"Andersen","picture":"https://randomuser.me/api/portraits/women/58.jpg"},{"id":"60d0fe4f5311236168a109cb","title":"miss","firstName":"Edita","lastName":"Vestering","picture":"https://randomuser.me/api/portraits/med/women/89.jpg"},{"id":"60d0fe4f5311236168a109cc","title":"ms","firstName":"Adina","lastName":"Barbosa","picture":"https://randomuser.me/api/portraits/med/women/28.jpg"},{"id":"60d0fe4f5311236168a109cd","title":"mr","firstName":"Roberto","lastName":"Vega","picture":"https://randomuser.me/api/portraits/med/men/25.jpg"},{"id":"60d0fe4f5311236168a109ce","title":"mr","firstName":"Rudi","lastName":"Droste","picture":"https://randomuser.me/api/portraits/med/men/83.jpg"},{"id":"60d0fe4f5311236168a109cf","title":"mrs","firstName":"Carolina","lastName":"Lima","picture":"https://randomuser.me/api/portraits/med/women/5.jpg"}],"total":147,"page":0,"limit":6} 
18:22:05.681 INFO  46bb8b8c-5507-4223-a7fd-bbb9bb400e12 [UserService.getUserList] success status=200 response={"data":[{"id":"60d0fe4f5311236168a109ca","title":"ms","firstName":"Sara","lastName":"Andersen","picture":"https://randomuser.me/api/portraits/women/58.jpg"},{"id":"60d0fe4f5311236168a109cb","title":"miss","firstName":"Edita","lastName":"Vestering","picture":"https://randomuser.me/api/portraits/med/women/89.jpg"},{"id":"60d0fe4f5311236168a109cc","title":"ms","firstName":"Adina","lastName":"Barbosa","picture":"https://randomuser.me/api/portraits/med/women/28.jpg"},{"id":"60d0fe4f5311236168a109cd","title":"mr","firstName":"Roberto","lastName":"Vega","picture":"https://randomuser.me/api/portraits/med/men/25.jpg"},{"id":"60d0fe4f5311236168a109ce","title":"mr","firstName":"Rudi","lastName":"Droste","picture":"https://randomuser.me/api/portraits/med/men/83.jpg"},{"id":"60d0fe4f5311236168a109cf","title":"mrs","firstName":"Carolina","lastName":"Lima","picture":"https://randomuser.me/api/portraits/med/women/5.jpg"}],"total":147,"page":0,"limit":6} 
18:22:07.187 INFO  4b54f8e1-d0f1-4235-9b4e-3ac201841b94 [UserService.getUser] id=60d0fe4f5311236168a109cc 
18:22:07.187 INFO  4b54f8e1-d0f1-4235-9b4e-3ac201841b94 [UserRepository.getUser] invoked dummyApi.getUser 
18:22:07.191 INFO  8a6af876-7a60-4046-af70-82310f272e1e [PostService.getPostListByUser] user id=60d0fe4f5311236168a109cc page=0 limit=6 
18:22:07.191 INFO  8a6af876-7a60-4046-af70-82310f272e1e [PostRepository.getPostListByUser] invoked dummyApi.getPostListByUser 
18:22:07.665 INFO  8a6af876-7a60-4046-af70-82310f272e1e [PostRepository.getPostListByUser] reply={"data":[{"id":"60d21bb467d0d8992e610dc7","image":"https://img.dummyapi.io/photo-1509741997332-3d4e1f099538.jpg","likes":22,"tags":["dog","pet","canine"],"text":"@adventure.yuki splash run dog running on flooded ...","publishDate":"2020-03-31T20:38:45.925Z","owner":{"id":"60d0fe4f5311236168a109cc","title":"ms","firstName":"Adina","lastName":"Barbosa","picture":"https://randomuser.me/api/portraits/med/women/28.jpg","gender":"female","dateOfBirth":"1952-09-03T13:27:29.424Z","phone":"(64) 5796-9260"}},{"id":"60d21b9b67d0d8992e610d7d","image":"https://img.dummyapi.io/photo-1568034097331-52327e0ad82d.jpg","likes":28,"tags":["dog","animal","canine"],"text":"Follow me on instagram http://instagram.com/mladen...","publishDate":"2020-03-27T23:59:54.470Z","owner":{"id":"60d0fe4f5311236168a109cc","title":"ms","firstName":"Adina","lastName":"Barbosa","picture":"https://randomuser.me/api/portraits/med/women/28.jpg","gender":"female","dateOfBirth":"1952-09-03T13:27:29.424Z","phone":"(64) 5796-9260"}},{"id":"60d21b0e67d0d8992e610be2","image":"https://img.dummyapi.io/photo-1586046524244-331e228cc8a2.jpg","likes":3,"tags":["animal","dog","pet"],"text":"black and brown long coated dog","publishDate":"2020-03-05T08:57:37.117Z","owner":{"id":"60d0fe4f5311236168a109cc","title":"ms","firstName":"Adina","lastName":"Barbosa","picture":"https://randomuser.me/api/portraits/med/women/28.jpg","gender":"female","dateOfBirth":"1952-09-03T13:27:29.424Z","phone":"(64) 5796-9260"}},{"id":"60d21aee67d0d8992e610b81","image":"https://img.dummyapi.io/photo-1521788836154-eecba655138d.jpg","likes":35,"tags":["dog","pet","french bulldog"],"text":"@lilwaynethefrenchie on IG short-coated white pupp...","publishDate":"2020-02-22T00:40:24.283Z","owner":{"id":"60d0fe4f5311236168a109cc","title":"ms","firstName":"Adina","lastName":"Barbosa","picture":"https://randomuser.me/api/portraits/med/women/28.jpg","gender":"female","dateOfBirth":"1952-09-03T13:27:29.424Z","phone":"(64) 5796-9260"}},{"id":"60d21b4e67d0d8992e610c9e","image":"https://img.dummyapi.io/photo-1565521559527-c899d144b16e.jpg","likes":3,"tags":["dog","grass","plant"],"text":"short-coated tan dog on grass field","publishDate":"2020-01-15T02:00:02.804Z","owner":{"id":"60d0fe4f5311236168a109cc","title":"ms","firstName":"Adina","lastName":"Barbosa","picture":"https://randomuser.me/api/portraits/med/women/28.jpg","gender":"female","dateOfBirth":"1952-09-03T13:27:29.424Z","phone":"(64) 5796-9260"}},{"id":"60d21b6c67d0d8992e610cf7","image":"https://img.dummyapi.io/photo-1546905438-ad06cf4aa9fc.jpg","likes":45,"tags":["animal","canine","strap"],"text":"two black and white dogs sitting on white surface","publishDate":"2019-12-29T22:46:09.767Z","owner":{"id":"60d0fe4f5311236168a109cc","title":"ms","firstName":"Adina","lastName":"Barbosa","picture":"https://randomuser.me/api/portraits/med/women/28.jpg","gender":"female","dateOfBirth":"1952-09-03T13:27:29.424Z","phone":"(64) 5796-9260"}}],"total":10,"page":0,"limit":6} 
18:22:07.666 INFO  8a6af876-7a60-4046-af70-82310f272e1e [PostRepository.getPostListByUser] result={"data":[{"id":"60d21bb467d0d8992e610dc7","image":"https://img.dummyapi.io/photo-1509741997332-3d4e1f099538.jpg","likes":22,"tags":["dog","pet","canine"],"text":"@adventure.yuki splash run dog running on flooded ...","publishDate":"31.03.2020","owner":{"id":"60d0fe4f5311236168a109cc","title":"ms","firstName":"Adina","lastName":"Barbosa","picture":"https://randomuser.me/api/portraits/med/women/28.jpg","gender":"female","dateOfBirth":"1952-09-03T13:27:29.424Z","phone":"(64) 5796-9260"}},{"id":"60d21b9b67d0d8992e610d7d","image":"https://img.dummyapi.io/photo-1568034097331-52327e0ad82d.jpg","likes":28,"tags":["dog","animal","canine"],"text":"Follow me on instagram http://instagram.com/mladen...","publishDate":"28.03.2020","owner":{"id":"60d0fe4f5311236168a109cc","title":"ms","firstName":"Adina","lastName":"Barbosa","picture":"https://randomuser.me/api/portraits/med/women/28.jpg","gender":"female","dateOfBirth":"1952-09-03T13:27:29.424Z","phone":"(64) 5796-9260"}},{"id":"60d21b0e67d0d8992e610be2","image":"https://img.dummyapi.io/photo-1586046524244-331e228cc8a2.jpg","likes":3,"tags":["animal","dog","pet"],"text":"black and brown long coated dog","publishDate":"05.03.2020","owner":{"id":"60d0fe4f5311236168a109cc","title":"ms","firstName":"Adina","lastName":"Barbosa","picture":"https://randomuser.me/api/portraits/med/women/28.jpg","gender":"female","dateOfBirth":"1952-09-03T13:27:29.424Z","phone":"(64) 5796-9260"}},{"id":"60d21aee67d0d8992e610b81","image":"https://img.dummyapi.io/photo-1521788836154-eecba655138d.jpg","likes":35,"tags":["dog","pet","french bulldog"],"text":"@lilwaynethefrenchie on IG short-coated white pupp...","publishDate":"22.02.2020","owner":{"id":"60d0fe4f5311236168a109cc","title":"ms","firstName":"Adina","lastName":"Barbosa","picture":"https://randomuser.me/api/portraits/med/women/28.jpg","gender":"female","dateOfBirth":"1952-09-03T13:27:29.424Z","phone":"(64) 5796-9260"}},{"id":"60d21b4e67d0d8992e610c9e","image":"https://img.dummyapi.io/photo-1565521559527-c899d144b16e.jpg","likes":3,"tags":["dog","grass","plant"],"text":"short-coated tan dog on grass field","publishDate":"15.01.2020","owner":{"id":"60d0fe4f5311236168a109cc","title":"ms","firstName":"Adina","lastName":"Barbosa","picture":"https://randomuser.me/api/portraits/med/women/28.jpg","gender":"female","dateOfBirth":"1952-09-03T13:27:29.424Z","phone":"(64) 5796-9260"}},{"id":"60d21b6c67d0d8992e610cf7","image":"https://img.dummyapi.io/photo-1546905438-ad06cf4aa9fc.jpg","likes":45,"tags":["animal","canine","strap"],"text":"two black and white dogs sitting on white surface","publishDate":"30.12.2019","owner":{"id":"60d0fe4f5311236168a109cc","title":"ms","firstName":"Adina","lastName":"Barbosa","picture":"https://randomuser.me/api/portraits/med/women/28.jpg","gender":"female","dateOfBirth":"1952-09-03T13:27:29.424Z","phone":"(64) 5796-9260"}}],"total":10,"page":0,"limit":6} 
18:22:07.666 INFO  8a6af876-7a60-4046-af70-82310f272e1e [PostService.getPostListByUser] success status={"data":[{"id":"60d21bb467d0d8992e610dc7","image":"https://img.dummyapi.io/photo-1509741997332-3d4e1f099538.jpg","likes":22,"tags":["dog","pet","canine"],"text":"@adventure.yuki splash run dog running on flooded ...","publishDate":"31.03.2020","owner":{"id":"60d0fe4f5311236168a109cc","title":"ms","firstName":"Adina","lastName":"Barbosa","picture":"https://randomuser.me/api/portraits/med/women/28.jpg","gender":"female","dateOfBirth":"1952-09-03T13:27:29.424Z","phone":"(64) 5796-9260"}},{"id":"60d21b9b67d0d8992e610d7d","image":"https://img.dummyapi.io/photo-1568034097331-52327e0ad82d.jpg","likes":28,"tags":["dog","animal","canine"],"text":"Follow me on instagram http://instagram.com/mladen...","publishDate":"28.03.2020","owner":{"id":"60d0fe4f5311236168a109cc","title":"ms","firstName":"Adina","lastName":"Barbosa","picture":"https://randomuser.me/api/portraits/med/women/28.jpg","gender":"female","dateOfBirth":"1952-09-03T13:27:29.424Z","phone":"(64) 5796-9260"}},{"id":"60d21b0e67d0d8992e610be2","image":"https://img.dummyapi.io/photo-1586046524244-331e228cc8a2.jpg","likes":3,"tags":["animal","dog","pet"],"text":"black and brown long coated dog","publishDate":"05.03.2020","owner":{"id":"60d0fe4f5311236168a109cc","title":"ms","firstName":"Adina","lastName":"Barbosa","picture":"https://randomuser.me/api/portraits/med/women/28.jpg","gender":"female","dateOfBirth":"1952-09-03T13:27:29.424Z","phone":"(64) 5796-9260"}},{"id":"60d21aee67d0d8992e610b81","image":"https://img.dummyapi.io/photo-1521788836154-eecba655138d.jpg","likes":35,"tags":["dog","pet","french bulldog"],"text":"@lilwaynethefrenchie on IG short-coated white pupp...","publishDate":"22.02.2020","owner":{"id":"60d0fe4f5311236168a109cc","title":"ms","firstName":"Adina","lastName":"Barbosa","picture":"https://randomuser.me/api/portraits/med/women/28.jpg","gender":"female","dateOfBirth":"1952-09-03T13:27:29.424Z","phone":"(64) 5796-9260"}},{"id":"60d21b4e67d0d8992e610c9e","image":"https://img.dummyapi.io/photo-1565521559527-c899d144b16e.jpg","likes":3,"tags":["dog","grass","plant"],"text":"short-coated tan dog on grass field","publishDate":"15.01.2020","owner":{"id":"60d0fe4f5311236168a109cc","title":"ms","firstName":"Adina","lastName":"Barbosa","picture":"https://randomuser.me/api/portraits/med/women/28.jpg","gender":"female","dateOfBirth":"1952-09-03T13:27:29.424Z","phone":"(64) 5796-9260"}},{"id":"60d21b6c67d0d8992e610cf7","image":"https://img.dummyapi.io/photo-1546905438-ad06cf4aa9fc.jpg","likes":45,"tags":["animal","canine","strap"],"text":"two black and white dogs sitting on white surface","publishDate":"30.12.2019","owner":{"id":"60d0fe4f5311236168a109cc","title":"ms","firstName":"Adina","lastName":"Barbosa","picture":"https://randomuser.me/api/portraits/med/women/28.jpg","gender":"female","dateOfBirth":"1952-09-03T13:27:29.424Z","phone":"(64) 5796-9260"}}],"total":10,"page":0,"limit":6} response= 
18:22:07.918 INFO  4b54f8e1-d0f1-4235-9b4e-3ac201841b94 [UserRepository.getUser] reply={"id":"60d0fe4f5311236168a109cc","title":"ms","firstName":"Adina","lastName":"Barbosa","picture":"https://randomuser.me/api/portraits/med/women/28.jpg","gender":"female","email":"edina.barbosa@example.com","dateOfBirth":"1952-09-03T13:27:29.424Z","phone":"(64) 5796-9260","location":{"street":"8750, Rua Carlos Gomes","city":"Recife","state":"Cear","country":"Brazil","timezone":"+1:00"},"registerDate":"2021-06-21T21:02:07.719Z","updatedDate":"2021-06-21T21:02:07.719Z"} 
18:22:07.919 INFO  4b54f8e1-d0f1-4235-9b4e-3ac201841b94 [UserRepository.getUser] result={"id":"60d0fe4f5311236168a109cc","title":"ms","firstName":"Adina","lastName":"Barbosa","picture":"https://randomuser.me/api/portraits/med/women/28.jpg","gender":"female","email":"edina.barbosa@example.com","dateOfBirth":"03.09.1952","phone":"(64) 5796-9260","location":{"street":"8750, Rua Carlos Gomes","city":"Recife","state":"Cear","country":"Brazil","timezone":"+1:00"},"registerDate":"22.06.2021","updatedDate":"22.06.2021"} 
18:22:07.919 INFO  4b54f8e1-d0f1-4235-9b4e-3ac201841b94 [UserService.getUser] success status=200 response={"id":"60d0fe4f5311236168a109cc","title":"ms","firstName":"Adina","lastName":"Barbosa","picture":"https://randomuser.me/api/portraits/med/women/28.jpg","gender":"female","email":"edina.barbosa@example.com","dateOfBirth":"03.09.1952","phone":"(64) 5796-9260","location":{"street":"8750, Rua Carlos Gomes","city":"Recife","state":"Cear","country":"Brazil","timezone":"+1:00"},"registerDate":"22.06.2021","updatedDate":"22.06.2021"} 
